<?xml version="1.0" encoding="UTF-8"?>
<testsuite xmlns:xsi="http://www.w3.org/2001/XMLSchema-instance" xsi:noNamespaceSchemaLocation="https://maven.apache.org/surefire/maven-surefire-plugin/xsd/surefire-test-report-3.0.xsd" version="3.0" name="com.gl.glcore.GlCoreApplicationTests" time="1.894" tests="1" errors="0" skipped="0" failures="0">
  <properties>
    <property name="java.specification.version" value="17"/>
    <property name="sun.cpu.isalist" value="amd64"/>
    <property name="sun.jnu.encoding" value="GBK"/>
    <property name="java.class.path" value="E:\code\multiple-module\multiple-module\gl-core\target\test-classes;E:\code\multiple-module\multiple-module\gl-core\target\classes;D:\repos\maven-r\org\springframework\boot\spring-boot-starter\3.2.3\spring-boot-starter-3.2.3.jar;D:\repos\maven-r\org\springframework\boot\spring-boot\3.2.3\spring-boot-3.2.3.jar;D:\repos\maven-r\org\springframework\spring-context\6.1.4\spring-context-6.1.4.jar;D:\repos\maven-r\org\springframework\boot\spring-boot-autoconfigure\3.2.3\spring-boot-autoconfigure-3.2.3.jar;D:\repos\maven-r\org\springframework\boot\spring-boot-starter-logging\3.2.3\spring-boot-starter-logging-3.2.3.jar;D:\repos\maven-r\ch\qos\logback\logback-classic\1.4.14\logback-classic-1.4.14.jar;D:\repos\maven-r\ch\qos\logback\logback-core\1.4.14\logback-core-1.4.14.jar;D:\repos\maven-r\org\apache\logging\log4j\log4j-to-slf4j\2.21.1\log4j-to-slf4j-2.21.1.jar;D:\repos\maven-r\org\apache\logging\log4j\log4j-api\2.21.1\log4j-api-2.21.1.jar;D:\repos\maven-r\org\slf4j\jul-to-slf4j\2.0.12\jul-to-slf4j-2.0.12.jar;D:\repos\maven-r\jakarta\annotation\jakarta.annotation-api\2.1.1\jakarta.annotation-api-2.1.1.jar;D:\repos\maven-r\org\springframework\spring-core\6.1.4\spring-core-6.1.4.jar;D:\repos\maven-r\org\springframework\spring-jcl\6.1.4\spring-jcl-6.1.4.jar;D:\repos\maven-r\org\yaml\snakeyaml\2.2\snakeyaml-2.2.jar;D:\repos\maven-r\org\springframework\boot\spring-boot-starter-web\3.2.3\spring-boot-starter-web-3.2.3.jar;D:\repos\maven-r\org\springframework\boot\spring-boot-starter-json\3.2.3\spring-boot-starter-json-3.2.3.jar;D:\repos\maven-r\com\fasterxml\jackson\core\jackson-databind\2.15.4\jackson-databind-2.15.4.jar;D:\repos\maven-r\com\fasterxml\jackson\core\jackson-annotations\2.15.4\jackson-annotations-2.15.4.jar;D:\repos\maven-r\com\fasterxml\jackson\core\jackson-core\2.15.4\jackson-core-2.15.4.jar;D:\repos\maven-r\com\fasterxml\jackson\datatype\jackson-datatype-jdk8\2.15.4\jackson-datatype-jdk8-2.15.4.jar;D:\repos\maven-r\com\fasterxml\jackson\datatype\jackson-datatype-jsr310\2.15.4\jackson-datatype-jsr310-2.15.4.jar;D:\repos\maven-r\com\fasterxml\jackson\module\jackson-module-parameter-names\2.15.4\jackson-module-parameter-names-2.15.4.jar;D:\repos\maven-r\org\springframework\boot\spring-boot-starter-tomcat\3.2.3\spring-boot-starter-tomcat-3.2.3.jar;D:\repos\maven-r\org\apache\tomcat\embed\tomcat-embed-core\10.1.19\tomcat-embed-core-10.1.19.jar;D:\repos\maven-r\org\apache\tomcat\embed\tomcat-embed-el\10.1.19\tomcat-embed-el-10.1.19.jar;D:\repos\maven-r\org\apache\tomcat\embed\tomcat-embed-websocket\10.1.19\tomcat-embed-websocket-10.1.19.jar;D:\repos\maven-r\org\springframework\spring-web\6.1.4\spring-web-6.1.4.jar;D:\repos\maven-r\org\springframework\spring-beans\6.1.4\spring-beans-6.1.4.jar;D:\repos\maven-r\io\micrometer\micrometer-observation\1.12.3\micrometer-observation-1.12.3.jar;D:\repos\maven-r\io\micrometer\micrometer-commons\1.12.3\micrometer-commons-1.12.3.jar;D:\repos\maven-r\org\springframework\spring-webmvc\6.1.4\spring-webmvc-6.1.4.jar;D:\repos\maven-r\org\springframework\spring-aop\6.1.4\spring-aop-6.1.4.jar;D:\repos\maven-r\org\springframework\spring-expression\6.1.4\spring-expression-6.1.4.jar;E:\code\multiple-module\multiple-module\gl-common\target\gl-common-0.0.1-SNAPSHOT.jar;D:\repos\maven-r\org\springframework\boot\spring-boot-starter-test\3.2.3\spring-boot-starter-test-3.2.3.jar;D:\repos\maven-r\org\springframework\boot\spring-boot-test\3.2.3\spring-boot-test-3.2.3.jar;D:\repos\maven-r\org\springframework\boot\spring-boot-test-autoconfigure\3.2.3\spring-boot-test-autoconfigure-3.2.3.jar;D:\repos\maven-r\com\jayway\jsonpath\json-path\2.9.0\json-path-2.9.0.jar;D:\repos\maven-r\org\slf4j\slf4j-api\2.0.12\slf4j-api-2.0.12.jar;D:\repos\maven-r\jakarta\xml\bind\jakarta.xml.bind-api\4.0.1\jakarta.xml.bind-api-4.0.1.jar;D:\repos\maven-r\jakarta\activation\jakarta.activation-api\2.1.2\jakarta.activation-api-2.1.2.jar;D:\repos\maven-r\net\minidev\json-smart\2.5.0\json-smart-2.5.0.jar;D:\repos\maven-r\net\minidev\accessors-smart\2.5.0\accessors-smart-2.5.0.jar;D:\repos\maven-r\org\ow2\asm\asm\9.3\asm-9.3.jar;D:\repos\maven-r\org\assertj\assertj-core\3.24.2\assertj-core-3.24.2.jar;D:\repos\maven-r\net\bytebuddy\byte-buddy\1.14.12\byte-buddy-1.14.12.jar;D:\repos\maven-r\org\awaitility\awaitility\4.2.0\awaitility-4.2.0.jar;D:\repos\maven-r\org\hamcrest\hamcrest\2.2\hamcrest-2.2.jar;D:\repos\maven-r\org\junit\jupiter\junit-jupiter\5.10.2\junit-jupiter-5.10.2.jar;D:\repos\maven-r\org\junit\jupiter\junit-jupiter-api\5.10.2\junit-jupiter-api-5.10.2.jar;D:\repos\maven-r\org\opentest4j\opentest4j\1.3.0\opentest4j-1.3.0.jar;D:\repos\maven-r\org\junit\platform\junit-platform-commons\1.10.2\junit-platform-commons-1.10.2.jar;D:\repos\maven-r\org\apiguardian\apiguardian-api\1.1.2\apiguardian-api-1.1.2.jar;D:\repos\maven-r\org\junit\jupiter\junit-jupiter-params\5.10.2\junit-jupiter-params-5.10.2.jar;D:\repos\maven-r\org\junit\jupiter\junit-jupiter-engine\5.10.2\junit-jupiter-engine-5.10.2.jar;D:\repos\maven-r\org\junit\platform\junit-platform-engine\1.10.2\junit-platform-engine-1.10.2.jar;D:\repos\maven-r\org\mockito\mockito-core\5.7.0\mockito-core-5.7.0.jar;D:\repos\maven-r\net\bytebuddy\byte-buddy-agent\1.14.12\byte-buddy-agent-1.14.12.jar;D:\repos\maven-r\org\objenesis\objenesis\3.3\objenesis-3.3.jar;D:\repos\maven-r\org\mockito\mockito-junit-jupiter\5.7.0\mockito-junit-jupiter-5.7.0.jar;D:\repos\maven-r\org\skyscreamer\jsonassert\1.5.1\jsonassert-1.5.1.jar;D:\repos\maven-r\com\vaadin\external\google\android-json\0.0.20131108.vaadin1\android-json-0.0.20131108.vaadin1.jar;D:\repos\maven-r\org\springframework\spring-test\6.1.4\spring-test-6.1.4.jar;D:\repos\maven-r\org\xmlunit\xmlunit-core\2.9.1\xmlunit-core-2.9.1.jar;"/>
    <property name="java.vm.vendor" value="Amazon.com Inc."/>
    <property name="sun.arch.data.model" value="64"/>
    <property name="user.variant" value=""/>
    <property name="java.vendor.url" value="https://aws.amazon.com/corretto/"/>
    <property name="user.timezone" value="Asia/Shanghai"/>
    <property name="os.name" value="Windows 10"/>
    <property name="java.vm.specification.version" value="17"/>
    <property name="sun.java.launcher" value="SUN_STANDARD"/>
    <property name="user.country" value="CN"/>
    <property name="sun.boot.library.path" value="C:\Users\Administrator\.jdks\corretto-17.0.9\bin"/>
    <property name="sun.java.command" value="C:\Users\Administrator\AppData\Local\Temp\surefire10625101706317677960\surefirebooter-20240320084911670_3.jar C:\Users\Administrator\AppData\Local\Temp\surefire10625101706317677960 2024-03-20T08-49-10_568-jvmRun1 surefire-20240320084911670_1tmp surefire_0-20240320084911670_2tmp"/>
    <property name="jdk.debug" value="release"/>
    <property name="surefire.test.class.path" value="E:\code\multiple-module\multiple-module\gl-core\target\test-classes;E:\code\multiple-module\multiple-module\gl-core\target\classes;D:\repos\maven-r\org\springframework\boot\spring-boot-starter\3.2.3\spring-boot-starter-3.2.3.jar;D:\repos\maven-r\org\springframework\boot\spring-boot\3.2.3\spring-boot-3.2.3.jar;D:\repos\maven-r\org\springframework\spring-context\6.1.4\spring-context-6.1.4.jar;D:\repos\maven-r\org\springframework\boot\spring-boot-autoconfigure\3.2.3\spring-boot-autoconfigure-3.2.3.jar;D:\repos\maven-r\org\springframework\boot\spring-boot-starter-logging\3.2.3\spring-boot-starter-logging-3.2.3.jar;D:\repos\maven-r\ch\qos\logback\logback-classic\1.4.14\logback-classic-1.4.14.jar;D:\repos\maven-r\ch\qos\logback\logback-core\1.4.14\logback-core-1.4.14.jar;D:\repos\maven-r\org\apache\logging\log4j\log4j-to-slf4j\2.21.1\log4j-to-slf4j-2.21.1.jar;D:\repos\maven-r\org\apache\logging\log4j\log4j-api\2.21.1\log4j-api-2.21.1.jar;D:\repos\maven-r\org\slf4j\jul-to-slf4j\2.0.12\jul-to-slf4j-2.0.12.jar;D:\repos\maven-r\jakarta\annotation\jakarta.annotation-api\2.1.1\jakarta.annotation-api-2.1.1.jar;D:\repos\maven-r\org\springframework\spring-core\6.1.4\spring-core-6.1.4.jar;D:\repos\maven-r\org\springframework\spring-jcl\6.1.4\spring-jcl-6.1.4.jar;D:\repos\maven-r\org\yaml\snakeyaml\2.2\snakeyaml-2.2.jar;D:\repos\maven-r\org\springframework\boot\spring-boot-starter-web\3.2.3\spring-boot-starter-web-3.2.3.jar;D:\repos\maven-r\org\springframework\boot\spring-boot-starter-json\3.2.3\spring-boot-starter-json-3.2.3.jar;D:\repos\maven-r\com\fasterxml\jackson\core\jackson-databind\2.15.4\jackson-databind-2.15.4.jar;D:\repos\maven-r\com\fasterxml\jackson\core\jackson-annotations\2.15.4\jackson-annotations-2.15.4.jar;D:\repos\maven-r\com\fasterxml\jackson\core\jackson-core\2.15.4\jackson-core-2.15.4.jar;D:\repos\maven-r\com\fasterxml\jackson\datatype\jackson-datatype-jdk8\2.15.4\jackson-datatype-jdk8-2.15.4.jar;D:\repos\maven-r\com\fasterxml\jackson\datatype\jackson-datatype-jsr310\2.15.4\jackson-datatype-jsr310-2.15.4.jar;D:\repos\maven-r\com\fasterxml\jackson\module\jackson-module-parameter-names\2.15.4\jackson-module-parameter-names-2.15.4.jar;D:\repos\maven-r\org\springframework\boot\spring-boot-starter-tomcat\3.2.3\spring-boot-starter-tomcat-3.2.3.jar;D:\repos\maven-r\org\apache\tomcat\embed\tomcat-embed-core\10.1.19\tomcat-embed-core-10.1.19.jar;D:\repos\maven-r\org\apache\tomcat\embed\tomcat-embed-el\10.1.19\tomcat-embed-el-10.1.19.jar;D:\repos\maven-r\org\apache\tomcat\embed\tomcat-embed-websocket\10.1.19\tomcat-embed-websocket-10.1.19.jar;D:\repos\maven-r\org\springframework\spring-web\6.1.4\spring-web-6.1.4.jar;D:\repos\maven-r\org\springframework\spring-beans\6.1.4\spring-beans-6.1.4.jar;D:\repos\maven-r\io\micrometer\micrometer-observation\1.12.3\micrometer-observation-1.12.3.jar;D:\repos\maven-r\io\micrometer\micrometer-commons\1.12.3\micrometer-commons-1.12.3.jar;D:\repos\maven-r\org\springframework\spring-webmvc\6.1.4\spring-webmvc-6.1.4.jar;D:\repos\maven-r\org\springframework\spring-aop\6.1.4\spring-aop-6.1.4.jar;D:\repos\maven-r\org\springframework\spring-expression\6.1.4\spring-expression-6.1.4.jar;E:\code\multiple-module\multiple-module\gl-common\target\gl-common-0.0.1-SNAPSHOT.jar;D:\repos\maven-r\org\springframework\boot\spring-boot-starter-test\3.2.3\spring-boot-starter-test-3.2.3.jar;D:\repos\maven-r\org\springframework\boot\spring-boot-test\3.2.3\spring-boot-test-3.2.3.jar;D:\repos\maven-r\org\springframework\boot\spring-boot-test-autoconfigure\3.2.3\spring-boot-test-autoconfigure-3.2.3.jar;D:\repos\maven-r\com\jayway\jsonpath\json-path\2.9.0\json-path-2.9.0.jar;D:\repos\maven-r\org\slf4j\slf4j-api\2.0.12\slf4j-api-2.0.12.jar;D:\repos\maven-r\jakarta\xml\bind\jakarta.xml.bind-api\4.0.1\jakarta.xml.bind-api-4.0.1.jar;D:\repos\maven-r\jakarta\activation\jakarta.activation-api\2.1.2\jakarta.activation-api-2.1.2.jar;D:\repos\maven-r\net\minidev\json-smart\2.5.0\json-smart-2.5.0.jar;D:\repos\maven-r\net\minidev\accessors-smart\2.5.0\accessors-smart-2.5.0.jar;D:\repos\maven-r\org\ow2\asm\asm\9.3\asm-9.3.jar;D:\repos\maven-r\org\assertj\assertj-core\3.24.2\assertj-core-3.24.2.jar;D:\repos\maven-r\net\bytebuddy\byte-buddy\1.14.12\byte-buddy-1.14.12.jar;D:\repos\maven-r\org\awaitility\awaitility\4.2.0\awaitility-4.2.0.jar;D:\repos\maven-r\org\hamcrest\hamcrest\2.2\hamcrest-2.2.jar;D:\repos\maven-r\org\junit\jupiter\junit-jupiter\5.10.2\junit-jupiter-5.10.2.jar;D:\repos\maven-r\org\junit\jupiter\junit-jupiter-api\5.10.2\junit-jupiter-api-5.10.2.jar;D:\repos\maven-r\org\opentest4j\opentest4j\1.3.0\opentest4j-1.3.0.jar;D:\repos\maven-r\org\junit\platform\junit-platform-commons\1.10.2\junit-platform-commons-1.10.2.jar;D:\repos\maven-r\org\apiguardian\apiguardian-api\1.1.2\apiguardian-api-1.1.2.jar;D:\repos\maven-r\org\junit\jupiter\junit-jupiter-params\5.10.2\junit-jupiter-params-5.10.2.jar;D:\repos\maven-r\org\junit\jupiter\junit-jupiter-engine\5.10.2\junit-jupiter-engine-5.10.2.jar;D:\repos\maven-r\org\junit\platform\junit-platform-engine\1.10.2\junit-platform-engine-1.10.2.jar;D:\repos\maven-r\org\mockito\mockito-core\5.7.0\mockito-core-5.7.0.jar;D:\repos\maven-r\net\bytebuddy\byte-buddy-agent\1.14.12\byte-buddy-agent-1.14.12.jar;D:\repos\maven-r\org\objenesis\objenesis\3.3\objenesis-3.3.jar;D:\repos\maven-r\org\mockito\mockito-junit-jupiter\5.7.0\mockito-junit-jupiter-5.7.0.jar;D:\repos\maven-r\org\skyscreamer\jsonassert\1.5.1\jsonassert-1.5.1.jar;D:\repos\maven-r\com\vaadin\external\google\android-json\0.0.20131108.vaadin1\android-json-0.0.20131108.vaadin1.jar;D:\repos\maven-r\org\springframework\spring-test\6.1.4\spring-test-6.1.4.jar;D:\repos\maven-r\org\xmlunit\xmlunit-core\2.9.1\xmlunit-core-2.9.1.jar;"/>
    <property name="sun.cpu.endian" value="little"/>
    <property name="user.home" value="C:\Users\Administrator"/>
    <property name="user.language" value="zh"/>
    <property name="java.specification.vendor" value="Oracle Corporation"/>
    <property name="java.version.date" value="2023-10-17"/>
    <property name="java.home" value="C:\Users\Administrator\.jdks\corretto-17.0.9"/>
    <property name="file.separator" value="\"/>
    <property name="basedir" value="E:\code\multiple-module\multiple-module\gl-core"/>
    <property name="java.vm.compressedOopsMode" value="Zero based"/>
    <property name="line.separator" value="&#10;"/>
    <property name="java.vm.specification.vendor" value="Oracle Corporation"/>
    <property name="java.specification.name" value="Java Platform API Specification"/>
    <property name="FILE_LOG_CHARSET" value="GBK"/>
    <property name="java.awt.headless" value="true"/>
    <property name="surefire.real.class.path" value="C:\Users\Administrator\AppData\Local\Temp\surefire10625101706317677960\surefirebooter-20240320084911670_3.jar"/>
    <property name="user.script" value=""/>
    <property name="sun.management.compiler" value="HotSpot 64-Bit Tiered Compilers"/>
    <property name="java.runtime.version" value="17.0.9+8-LTS"/>
    <property name="user.name" value="Administrator"/>
    <property name="path.separator" value=";"/>
    <property name="os.version" value="10.0"/>
    <property name="java.runtime.name" value="OpenJDK Runtime Environment"/>
    <property name="file.encoding" value="GBK"/>
    <property name="java.vm.name" value="OpenJDK 64-Bit Server VM"/>
    <property name="java.vendor.version" value="Corretto-17.0.9.8.1"/>
    <property name="localRepository" value="D:\repos\maven-r"/>
    <property name="java.vendor.url.bug" value="https://github.com/corretto/corretto-17/issues/"/>
    <property name="java.io.tmpdir" value="C:\Users\Administrator\AppData\Local\Temp\"/>
    <property name="idea.version" value="2023.2.5"/>
    <property name="java.version" value="17.0.9"/>
    <property name="user.dir" value="E:\code\multiple-module\multiple-module\gl-core"/>
    <property name="os.arch" value="amd64"/>
    <property name="java.vm.specification.name" value="Java Virtual Machine Specification"/>
    <property name="PID" value="23340"/>
    <property name="sun.os.patch.level" value=""/>
    <property name="CONSOLE_LOG_CHARSET" value="GBK"/>
    <property name="native.encoding" value="GBK"/>
    <property name="java.library.path" value="C:\Users\Administrator\.jdks\corretto-17.0.9\bin;C:\Windows\Sun\Java\bin;C:\Windows\system32;C:\Windows;E:\Program Files (x86)\VMware\VMware Workstation\bin\;C:\Program Files\VanDyke Software\Clients\;C:\Program Files (x86)\Python37-32\Scripts\;C:\Program Files (x86)\Python37-32\;C:\Windows\system32;C:\Windows;C:\Windows\System32\Wbem;C:\Windows\System32\WindowsPowerShell\v1.0\;C:\Windows\System32\OpenSSH\;C:\Program Files\java\jdk\bin;C:\Program Files\java\jdk\jre\bin;D:\maven\apache-maven-3.5.4-bin\apache-maven-3.5.4\bin;C:\Program Files\Redis;C:\Users\Administrator\AppData\Roaming\nvm;C:\Program Files\nodejs;D:\Git\cmd;C:\Program Files\TortoiseSVN\bin;C:\Program Files\MySQL\MySQL Server 8.0\bin;C:\Program Files\TortoiseGit\bin;D:\worktools\wx\微信web开发者工具\dll;D:\nodejs\nodejs13\global;D:\ribbitMQ\elang\Erlang OTP\bin;D:\ribbitMQ\rbmq\rabbitmq_server-3.12.8\sbin;C:\Program Files\dotnet\;C:\Program Files\MySQL\MySQL Shell 8.0\bin\;D:\Scripts\;D:\;C:\Users\Administrator\.windows-build-tools\python27\;C:\Users\Administrator\.windows-build-tools\python27\;C:\Users\Administrator\.windows-build-tools\python27\;C:\Users\Administrator\AppData\Local\Microsoft\WindowsApps;D:\vscode\Microsoft VS Code\bin;D:\idea2022\IntelliJ IDEA 2022.1.3\bin;global;C:\Users\Administrator\.dotnet\tools;C:\Users\Administrator\AppData\Roaming\nvm;C:\Program Files\nodejs;D:\nodejs\global;C:\Users\Administrator\.dotnet\tools;D:\nodejs\nodejs13\global;C:\Users\Administrator\AppData\Roaming\nvm;C:\Program Files\nodejs;D:\Program Files\JetBrains\WebStorm 2021.1.3\bin;;D:\Program Files\JetBrains\DataGrip 2021.1.3\bin;;C:\Program Files\JetBrains\IntelliJ IDEA 2023.2.5\bin;;."/>
    <property name="java.vm.info" value="mixed mode, sharing"/>
    <property name="java.vendor" value="Amazon.com Inc."/>
    <property name="java.vm.version" value="17.0.9+8-LTS"/>
    <property name="sun.io.unicode.encoding" value="UnicodeLittle"/>
    <property name="java.class.version" value="61.0"/>
    <property name="LOGGED_APPLICATION_NAME" value="[gl-core] "/>
  </properties>
  <testcase name="contextLoads" classname="com.gl.glcore.GlCoreApplicationTests" time="0.598">
    <system-out><![CDATA[08:49:12.193 [main] INFO org.springframework.test.context.support.AnnotationConfigContextLoaderUtils -- Could not detect default configuration classes for test class [com.gl.glcore.GlCoreApplicationTests]: GlCoreApplicationTests does not declare any static, non-private, non-final, nested classes annotated with @Configuration.
08:49:12.261 [main] INFO org.springframework.boot.test.context.SpringBootTestContextBootstrapper -- Found @SpringBootConfiguration com.gl.GlCoreApplication for test class com.gl.glcore.GlCoreApplicationTests
      ___                         ___           ___           ___           ___           ___           ___
     /\__\                       /\  \         /\  \         /\__\         /\  \         /|  |         /\__\
    /:/ _/_                     /::\  \        \:\  \       /:/  /        /::\  \       |:|  |        /:/ _/_
   /:/ /\  \                   /:/\:\  \        \:\  \     /:/  /        /:/\:\  \      |:|  |       /:/ /\__\
  /:/ /::\  \   ___     ___   /:/ /::\  \   _____\:\  \   /:/  /  ___   /:/ /::\  \   __|:|  |      /:/ /:/ _/_
 /:/__\/\:\__\ /\  \   /\__\ /:/_/:/\:\__\ /::::::::\__\ /:/__/  /\__\ /:/_/:/\:\__\ /\ |:|__|____ /:/_/:/ /\__\
 \:\  \ /:/  / \:\  \ /:/  / \:\/:/  \/__/ \:\~~\~~\/__/ \:\  \ /:/  / \:\/:/  \/__/ \:\/:::::/__/ \:\/:/ /:/  /
  \:\  /:/  /   \:\  /:/  /   \::/__/       \:\  \        \:\  /:/  /   \::/__/       \::/~~/~      \::/_/:/  /
   \:\/:/  /     \:\/:/  /     \:\  \        \:\  \        \:\/:/  /     \:\  \        \:\~~\        \:\/:/  /
    \::/  /       \::/  /       \:\__\        \:\__\        \::/  /       \:\__\        \:\__\        \::/  /
     \/__/         \/__/         \/__/         \/__/         \/__/         \/__/         \/__/         \/__/



2024-03-20T08:49:12.554+08:00  INFO 23340 --- [gl-core] [           main] com.gl.glcore.GlCoreApplicationTests     : Starting GlCoreApplicationTests using Java 17.0.9 with PID 23340 (started by Administrator in E:\code\multiple-module\multiple-module\gl-core)
2024-03-20T08:49:12.556+08:00  INFO 23340 --- [gl-core] [           main] com.gl.glcore.GlCoreApplicationTests     : No active profile set, falling back to 1 default profile: "default"
2024-03-20T08:49:13.362+08:00  INFO 23340 --- [gl-core] [           main] com.gl.glcore.GlCoreApplicationTests     : Started GlCoreApplicationTests in 0.985 seconds (process running for 1.634)
]]></system-out>
  </testcase>
</testsuite>